
> globetrotter-backend@1.0.0 dev
> nodemon server.js

[33m[nodemon] 3.1.10[39m
[33m[nodemon] to restart at any time, enter `rs`[39m
[33m[nodemon] watching path(s): *.*[39m
[33m[nodemon] watching extensions: js,mjs,cjs,json[39m
[32m[nodemon] starting `node server.js`[39m
✅ Environment variables validated successfully
✅ FORCED RDS PostgreSQL CONNECTION: globetrotter-db.cnu808kg8j7e.ap-south-1.rds.amazonaws.com
Executing (default): SELECT 1+1 AS result
Database connected
🔄 Setting up database...
Executing (default): SELECT table_name FROM information_schema.tables WHERE table_schema = 'public' AND table_type LIKE '%TABLE' AND table_name != 'spatial_ref_sys';
✅ Tables already exist
City templates ready for use
Seeding activity templates...
Activity templates ready for use
🔍 Database health monitoring started (30000ms intervals)
Server running on port 5001
Executing (9888a637-a76f-4e44-93ff-9366a842c1da): START TRANSACTION;
Executing (9888a637-a76f-4e44-93ff-9366a842c1da): SELECT "id", "cognitoId", "email", "firstName", "lastName", "profilePicture", "bio", "preferences", "role", "isActive", "lastLoginAt", "emailVerified", "createdAt", "updatedAt", "deletedAt" FROM "Users" AS "User" WHERE ("User"."deletedAt" IS NULL AND "User"."cognitoId" = '7183ddba-c0f1-7042-8b3e-6ec6512fd60d');
Executing (9888a637-a76f-4e44-93ff-9366a842c1da): COMMIT;
Executing (default): SELECT "id", "firstName", "lastName", "email", "profilePicture", "bio", "preferences", "role", "createdAt", "lastLoginAt" FROM "Users" AS "User" WHERE ("User"."deletedAt" IS NULL AND "User"."cognitoId" = '7183ddba-c0f1-7042-8b3e-6ec6512fd60d');
Executing (default): UPDATE "Users" SET "lastLoginAt"=$1,"updatedAt"=$2 WHERE "id" = $3
Profile picture from DB: null
Executing (default): SELECT 1+1 AS result
